2026-04-07 09:03:37,238 [INFO] Run started: mode=metadata
2026-04-07 09:03:37,243 [INFO] Fetching contract metadata for Brent Crude Futures
2026-04-07 12:24:05,179 [INFO] Run started: mode=metadata
2026-04-07 12:24:05,180 [INFO] Fetching contract metadata for Brent Crude Futures
2026-04-07 12:24:05,752 [INFO] Metadata updated: brent_crude_contracts.csv (11 rows)
2026-04-07 12:24:05,752 [INFO] Fetching contract metadata for Low Sulphur Gasoil Futures
2026-04-07 12:24:05,931 [INFO] Metadata updated: low_sulphur_gasoil_contracts.csv (13 rows)
2026-04-07 12:24:05,934 [INFO] Run finished: mode=metadata
2026-04-07 12:24:17,994 [INFO] Run started: mode=historical
2026-04-07 12:24:18,671 [INFO] Historical updated: historical\brent_crude\jun26_6018433.csv (515 rows)
2026-04-07 12:24:18,905 [INFO] Historical updated: historical\brent_crude\jul26_6018430.csv (515 rows)
2026-04-07 12:24:19,146 [INFO] Historical updated: historical\brent_crude\aug26_6018418.csv (515 rows)
2026-04-07 12:24:19,385 [INFO] Historical updated: historical\brent_crude\sep26_6018448.csv (515 rows)
2026-04-07 12:24:19,644 [INFO] Historical updated: historical\brent_crude\oct26_6018445.csv (515 rows)
2026-04-07 12:24:19,895 [INFO] Historical updated: historical\brent_crude\nov26_6018442.csv (515 rows)
2026-04-07 12:24:20,137 [INFO] Historical updated: historical\brent_crude\dec26_6018421.csv (515 rows)
2026-04-07 12:24:20,369 [INFO] Historical updated: historical\brent_crude\jan27_6018427.csv (515 rows)
2026-04-07 12:24:20,605 [INFO] Historical updated: historical\brent_crude\feb27_6018424.csv (515 rows)
2026-04-07 12:24:20,836 [INFO] Historical updated: historical\brent_crude\mar27_6018436.csv (515 rows)
2026-04-07 12:24:21,081 [INFO] Historical updated: historical\brent_crude\apr27_6018416.csv (515 rows)
2026-04-07 12:24:21,315 [INFO] Historical updated: historical\low_sulphur_gasoil\apr26_6227601.csv (515 rows)
2026-04-07 12:24:21,549 [INFO] Historical updated: historical\low_sulphur_gasoil\may26_6227602.csv (515 rows)
2026-04-07 12:24:21,781 [INFO] Historical updated: historical\low_sulphur_gasoil\jun26_6227603.csv (515 rows)
2026-04-07 12:24:22,016 [INFO] Historical updated: historical\low_sulphur_gasoil\jul26_6227604.csv (515 rows)
2026-04-07 12:24:22,256 [INFO] Historical updated: historical\low_sulphur_gasoil\aug26_6227605.csv (515 rows)
2026-04-07 12:24:22,509 [INFO] Historical updated: historical\low_sulphur_gasoil\sep26_6227606.csv (515 rows)
2026-04-07 12:24:22,766 [INFO] Historical updated: historical\low_sulphur_gasoil\oct26_6227607.csv (515 rows)
2026-04-07 12:24:23,007 [INFO] Historical updated: historical\low_sulphur_gasoil\nov26_6227608.csv (515 rows)
2026-04-07 12:24:23,240 [INFO] Historical updated: historical\low_sulphur_gasoil\dec26_6227609.csv (515 rows)
2026-04-07 12:24:23,477 [INFO] Historical updated: historical\low_sulphur_gasoil\jan27_6540998.csv (515 rows)
2026-04-07 12:24:23,704 [INFO] Historical updated: historical\low_sulphur_gasoil\feb27_6540999.csv (515 rows)
2026-04-07 12:24:23,933 [INFO] Historical updated: historical\low_sulphur_gasoil\mar27_6541000.csv (515 rows)
2026-04-07 12:24:24,153 [INFO] Historical updated: historical\low_sulphur_gasoil\apr27_6541001.csv (515 rows)
2026-04-07 12:24:24,155 [INFO] Run finished: mode=historical
2026-04-07 12:24:29,524 [INFO] Run started: mode=all
2026-04-07 12:24:29,525 [INFO] Fetching contract metadata for Brent Crude Futures
2026-04-07 12:24:30,062 [INFO] Metadata updated: brent_crude_contracts.csv (11 rows)
2026-04-07 12:24:30,062 [INFO] Fetching contract metadata for Low Sulphur Gasoil Futures
2026-04-07 12:24:30,247 [INFO] Metadata updated: low_sulphur_gasoil_contracts.csv (13 rows)
2026-04-07 12:24:30,484 [INFO] Historical updated: historical\brent_crude\jun26_6018433.csv (515 rows)
2026-04-07 12:24:30,720 [INFO] Historical updated: historical\brent_crude\jul26_6018430.csv (515 rows)
2026-04-07 12:24:30,957 [INFO] Historical updated: historical\brent_crude\aug26_6018418.csv (515 rows)
2026-04-07 12:24:31,181 [INFO] Historical updated: historical\brent_crude\sep26_6018448.csv (515 rows)
2026-04-07 12:24:31,437 [INFO] Historical updated: historical\brent_crude\oct26_6018445.csv (515 rows)
2026-04-07 12:24:31,757 [INFO] Historical updated: historical\brent_crude\nov26_6018442.csv (515 rows)
2026-04-07 12:24:32,044 [INFO] Historical updated: historical\brent_crude\dec26_6018421.csv (515 rows)
2026-04-07 12:24:32,337 [INFO] Historical updated: historical\brent_crude\jan27_6018427.csv (515 rows)
2026-04-07 12:24:32,645 [INFO] Historical updated: historical\brent_crude\feb27_6018424.csv (515 rows)
2026-04-07 12:24:32,930 [INFO] Historical updated: historical\brent_crude\mar27_6018436.csv (515 rows)
2026-04-07 12:24:33,215 [INFO] Historical updated: historical\brent_crude\apr27_6018416.csv (515 rows)
2026-04-07 12:24:33,462 [INFO] Historical updated: historical\low_sulphur_gasoil\apr26_6227601.csv (515 rows)
2026-04-07 12:24:33,750 [INFO] Historical updated: historical\low_sulphur_gasoil\may26_6227602.csv (515 rows)
2026-04-07 12:24:34,022 [INFO] Historical updated: historical\low_sulphur_gasoil\jun26_6227603.csv (515 rows)
2026-04-07 12:24:34,348 [INFO] Historical updated: historical\low_sulphur_gasoil\jul26_6227604.csv (515 rows)
2026-04-07 12:24:34,781 [INFO] Historical updated: historical\low_sulphur_gasoil\aug26_6227605.csv (515 rows)
2026-04-07 12:24:35,049 [INFO] Historical updated: historical\low_sulphur_gasoil\sep26_6227606.csv (515 rows)
2026-04-07 12:24:35,307 [INFO] Historical updated: historical\low_sulphur_gasoil\oct26_6227607.csv (515 rows)
2026-04-07 12:24:35,571 [INFO] Historical updated: historical\low_sulphur_gasoil\nov26_6227608.csv (515 rows)
2026-04-07 12:24:35,846 [INFO] Historical updated: historical\low_sulphur_gasoil\dec26_6227609.csv (515 rows)
2026-04-07 12:24:36,106 [INFO] Historical updated: historical\low_sulphur_gasoil\jan27_6540998.csv (515 rows)
2026-04-07 12:24:36,366 [INFO] Historical updated: historical\low_sulphur_gasoil\feb27_6540999.csv (515 rows)
2026-04-07 12:24:36,612 [INFO] Historical updated: historical\low_sulphur_gasoil\mar27_6541000.csv (515 rows)
2026-04-07 12:24:36,887 [INFO] Historical updated: historical\low_sulphur_gasoil\apr27_6541001.csv (515 rows)
2026-04-07 12:24:36,891 [INFO] Run finished: mode=all
2026-04-07 12:34:59,942 [INFO] Run started: mode=metadata
2026-04-07 12:34:59,943 [INFO] Fetching contract metadata for Brent Crude Futures
2026-04-07 12:35:00,853 [INFO] Metadata updated: brent_crude_contracts.csv (11 rows)
2026-04-07 12:35:00,854 [INFO] Fetching contract metadata for Low Sulphur Gasoil Futures
2026-04-07 12:35:01,031 [INFO] Metadata updated: low_sulphur_gasoil_contracts.csv (13 rows)
2026-04-07 12:35:01,036 [INFO] Run finished: mode=metadata
2026-04-07 12:35:05,001 [INFO] Run started: mode=historical
2026-04-07 12:35:08,278 [INFO] Historical updated: brent_crude_historical.csv | contracts_ok=11 | rows=5665
2026-04-07 12:35:11,479 [INFO] Historical updated: low_sulphur_gasoil_historical.csv | contracts_ok=13 | rows=6695
2026-04-07 12:35:11,485 [INFO] Run finished: mode=historical
2026-04-07 12:35:31,905 [INFO] Run started: mode=all
2026-04-07 12:35:31,906 [INFO] Fetching contract metadata for Brent Crude Futures
2026-04-07 12:35:32,434 [INFO] Metadata updated: brent_crude_contracts.csv (11 rows)
2026-04-07 12:35:32,435 [INFO] Fetching contract metadata for Low Sulphur Gasoil Futures
2026-04-07 12:35:32,609 [INFO] Metadata updated: low_sulphur_gasoil_contracts.csv (13 rows)
2026-04-07 12:35:35,031 [INFO] Historical updated: brent_crude_historical.csv | contracts_ok=11 | rows=5665
2026-04-07 12:35:37,767 [INFO] Historical updated: low_sulphur_gasoil_historical.csv | contracts_ok=13 | rows=6695
2026-04-07 12:35:37,769 [INFO] Run finished: mode=all
2026-04-07 12:40:59,470 [INFO] Run started: mode=all
2026-04-07 12:40:59,472 [INFO] Fetching contract metadata for Brent Crude Futures
2026-04-07 12:41:00,074 [INFO] Metadata updated: brent_crude_contracts.csv (11 rows)
2026-04-07 12:41:00,074 [INFO] Fetching contract metadata for Low Sulphur Gasoil Futures
2026-04-07 12:41:00,251 [INFO] Metadata updated: low_sulphur_gasoil_contracts.csv (13 rows)
2026-04-07 12:41:02,699 [INFO] Historical updated: brent_crude_historical.csv | contracts_ok=11 | rows=5665
2026-04-07 12:41:05,501 [INFO] Historical updated: low_sulphur_gasoil_historical.csv | contracts_ok=13 | rows=6695
2026-04-07 12:41:05,505 [INFO] Run finished: mode=all
2026-04-07 09:48:06,787 [INFO] Run started: mode=metadata
2026-04-07 09:48:06,787 [INFO] Fetching contract metadata for Brent Crude Futures
2026-04-07 09:48:06,916 [INFO] Metadata updated: brent_crude_contracts.csv (11 rows)
2026-04-07 09:48:06,916 [INFO] Fetching contract metadata for Low Sulphur Gasoil Futures
2026-04-07 09:48:06,953 [INFO] Metadata updated: low_sulphur_gasoil_contracts.csv (13 rows)
2026-04-07 09:48:06,955 [INFO] Run finished: mode=metadata
2026-04-07 09:48:36,226 [INFO] Run started: mode=historical
2026-04-07 09:48:37,805 [INFO] Historical updated: brent_crude_historical.csv | contracts_ok=11 | rows=5665
2026-04-07 09:48:39,527 [INFO] Historical updated: low_sulphur_gasoil_historical.csv | contracts_ok=13 | rows=6695
2026-04-07 09:48:39,528 [INFO] Run finished: mode=historical
2026-04-07 20:07:22,622 [INFO] Run started: mode=historical
2026-04-07 20:07:23,922 [INFO] Historical updated: brent_crude_historical.csv | contracts_ok=11 | rows=5665
2026-04-07 20:07:25,259 [INFO] Historical updated: low_sulphur_gasoil_historical.csv | contracts_ok=13 | rows=6695
2026-04-07 20:07:25,261 [INFO] Run finished: mode=historical
2026-04-08 09:54:51,029 [INFO] Run started: mode=historical
2026-04-08 09:54:52,476 [INFO] Historical updated: brent_crude_historical.csv | contracts_ok=11 | rows=5676
2026-04-08 09:54:53,953 [INFO] Historical updated: low_sulphur_gasoil_historical.csv | contracts_ok=13 | rows=6708
2026-04-08 09:54:53,955 [INFO] Run finished: mode=historical
2026-04-08 20:08:57,921 [INFO] Run started: mode=historical
2026-04-08 20:08:59,711 [INFO] Historical updated: brent_crude_historical.csv | contracts_ok=11 | rows=5676
2026-04-08 20:09:01,508 [INFO] Historical updated: low_sulphur_gasoil_historical.csv | contracts_ok=13 | rows=6708
2026-04-08 20:09:01,509 [INFO] Run finished: mode=historical
2026-04-09 10:21:48,910 [INFO] Run started: mode=historical
2026-04-09 10:21:49,972 [INFO] Historical updated: brent_crude_historical.csv | contracts_ok=11 | rows=5687
2026-04-09 10:21:51,109 [INFO] Historical updated: low_sulphur_gasoil_historical.csv | contracts_ok=13 | rows=6721
2026-04-09 10:21:51,112 [INFO] Run finished: mode=historical
2026-04-09 21:04:19,294 [INFO] Run started: mode=historical
2026-04-09 21:04:21,124 [INFO] Historical updated: brent_crude_historical.csv | contracts_ok=11 | rows=5687
2026-04-09 21:04:23,164 [INFO] Historical updated: low_sulphur_gasoil_historical.csv | contracts_ok=13 | rows=6721
2026-04-09 21:04:23,166 [INFO] Run finished: mode=historical
2026-04-10 10:15:37,745 [INFO] Run started: mode=historical
2026-04-10 10:15:38,954 [INFO] Historical updated: brent_crude_historical.csv | contracts_ok=11 | rows=5698
2026-04-10 10:15:40,081 [INFO] Historical updated: low_sulphur_gasoil_historical.csv | contracts_ok=13 | rows=6734
2026-04-10 10:15:40,082 [INFO] Run finished: mode=historical
2026-04-10 20:00:55,815 [INFO] Run started: mode=historical
2026-04-10 20:00:57,592 [INFO] Historical updated: brent_crude_historical.csv | contracts_ok=11 | rows=5698
2026-04-10 20:00:59,622 [INFO] Historical updated: low_sulphur_gasoil_historical.csv | contracts_ok=13 | rows=6734
2026-04-10 20:00:59,624 [INFO] Run finished: mode=historical
2026-04-11 08:03:32,201 [INFO] Run started: mode=historical
2026-04-11 08:03:33,742 [INFO] Historical updated: brent_crude_historical.csv | contracts_ok=11 | rows=5709
2026-04-11 08:03:35,412 [INFO] Historical updated: low_sulphur_gasoil_historical.csv | contracts_ok=13 | rows=6747
2026-04-11 08:03:35,414 [INFO] Run finished: mode=historical
2026-04-11 19:52:39,572 [INFO] Run started: mode=historical
2026-04-11 19:52:41,232 [INFO] Historical updated: brent_crude_historical.csv | contracts_ok=11 | rows=5709
2026-04-11 19:52:42,999 [INFO] Historical updated: low_sulphur_gasoil_historical.csv | contracts_ok=13 | rows=6747
2026-04-11 19:52:43,000 [INFO] Run finished: mode=historical
2026-04-12 08:33:33,565 [INFO] Run started: mode=historical
2026-04-12 08:33:34,733 [INFO] Historical updated: brent_crude_historical.csv | contracts_ok=11 | rows=5709
2026-04-12 08:33:35,847 [INFO] Historical updated: low_sulphur_gasoil_historical.csv | contracts_ok=13 | rows=6747
2026-04-12 08:33:35,849 [INFO] Run finished: mode=historical
2026-04-12 19:55:53,600 [INFO] Run started: mode=historical
2026-04-12 19:55:55,027 [INFO] Historical updated: brent_crude_historical.csv | contracts_ok=11 | rows=5709
2026-04-12 19:55:56,494 [INFO] Historical updated: low_sulphur_gasoil_historical.csv | contracts_ok=13 | rows=6747
2026-04-12 19:55:56,496 [INFO] Run finished: mode=historical
2026-04-13 11:05:18,056 [INFO] Run started: mode=historical
2026-04-13 11:05:19,133 [INFO] Historical updated: brent_crude_historical.csv | contracts_ok=11 | rows=5709
2026-04-13 11:05:20,246 [INFO] Historical updated: low_sulphur_gasoil_historical.csv | contracts_ok=13 | rows=6747
2026-04-13 11:05:20,248 [INFO] Run finished: mode=historical
2026-04-13 21:10:57,056 [INFO] Run started: mode=historical
2026-04-13 21:10:58,443 [INFO] Historical updated: brent_crude_historical.csv | contracts_ok=11 | rows=5709
2026-04-13 21:11:00,060 [INFO] Historical updated: low_sulphur_gasoil_historical.csv | contracts_ok=13 | rows=6747
2026-04-13 21:11:00,061 [INFO] Run finished: mode=historical
2026-04-14 10:47:34,900 [INFO] Run started: mode=historical
2026-04-14 10:47:36,753 [INFO] Historical updated: brent_crude_historical.csv | contracts_ok=11 | rows=5720
2026-04-14 10:47:38,590 [INFO] Historical updated: low_sulphur_gasoil_historical.csv | contracts_ok=13 | rows=6759
2026-04-14 10:47:38,591 [INFO] Run finished: mode=historical
2026-04-14 21:10:38,800 [INFO] Run started: mode=historical
2026-04-14 21:10:40,830 [INFO] Historical updated: brent_crude_historical.csv | contracts_ok=11 | rows=5720
2026-04-14 21:10:42,946 [INFO] Historical updated: low_sulphur_gasoil_historical.csv | contracts_ok=13 | rows=6759
2026-04-14 21:10:42,948 [INFO] Run finished: mode=historical
2026-04-15 10:40:51,978 [INFO] Run started: mode=historical
2026-04-15 10:40:53,773 [INFO] Historical updated: brent_crude_historical.csv | contracts_ok=11 | rows=5731
2026-04-15 10:40:55,617 [INFO] Historical updated: low_sulphur_gasoil_historical.csv | contracts_ok=13 | rows=6771
2026-04-15 10:40:55,619 [INFO] Run finished: mode=historical
2026-04-15 10:42:18,264 [INFO] Run started: mode=metadata
2026-04-15 10:42:18,264 [INFO] Fetching contract metadata for Brent Crude Futures
2026-04-15 10:42:18,503 [INFO] Metadata updated: brent_crude_contracts.csv (11 rows)
2026-04-15 10:42:18,503 [INFO] Fetching contract metadata for Low Sulphur Gasoil Futures
2026-04-15 10:42:18,594 [INFO] Metadata updated: low_sulphur_gasoil_contracts.csv (13 rows)
2026-04-15 10:42:18,596 [INFO] Run finished: mode=metadata
2026-04-15 20:33:09,712 [INFO] Run started: mode=historical
2026-04-15 20:33:11,655 [INFO] Historical updated: brent_crude_historical.csv | contracts_ok=11 | rows=5731
2026-04-15 20:33:13,597 [INFO] Historical updated: low_sulphur_gasoil_historical.csv | contracts_ok=13 | rows=6771
2026-04-15 20:33:13,598 [INFO] Run finished: mode=historical
2026-04-16 10:46:04,710 [INFO] Run started: mode=historical
2026-04-16 10:46:05,928 [INFO] Historical updated: brent_crude_historical.csv | contracts_ok=11 | rows=5742
2026-04-16 10:46:07,179 [INFO] Historical updated: low_sulphur_gasoil_historical.csv | contracts_ok=13 | rows=6783
2026-04-16 10:46:07,181 [INFO] Run finished: mode=historical
2026-04-16 20:35:40,280 [INFO] Run started: mode=historical
2026-04-16 20:35:41,549 [INFO] Historical updated: brent_crude_historical.csv | contracts_ok=11 | rows=5742
2026-04-16 20:35:42,803 [INFO] Historical updated: low_sulphur_gasoil_historical.csv | contracts_ok=13 | rows=6783
2026-04-16 20:35:42,805 [INFO] Run finished: mode=historical
2026-04-17 03:50:15,532 [INFO] Run started: mode=metadata
2026-04-17 03:50:15,532 [INFO] Fetching contract metadata for Brent Crude Futures
2026-04-17 03:50:15,701 [INFO] Metadata updated: brent_crude_contracts.csv (11 rows)
2026-04-17 03:50:15,701 [INFO] Fetching contract metadata for Low Sulphur Gasoil Futures
2026-04-17 03:50:15,752 [INFO] Metadata updated: low_sulphur_gasoil_contracts.csv (13 rows)
2026-04-17 03:50:15,753 [INFO] Run finished: mode=metadata
2026-04-17 03:59:19,574 [INFO] Run started: mode=historical
2026-04-17 03:59:21,844 [INFO] Historical updated: brent_crude_historical.csv | contracts_ok=11 | rows=5753
2026-04-17 03:59:24,040 [INFO] Historical updated: low_sulphur_gasoil_historical.csv | contracts_ok=13 | rows=6795
2026-04-17 03:59:24,042 [INFO] Run finished: mode=historical
2026-04-17 10:36:40,791 [INFO] Run started: mode=historical
2026-04-17 10:36:42,104 [INFO] Historical updated: brent_crude_historical.csv | contracts_ok=11 | rows=5753
2026-04-17 10:36:43,435 [INFO] Historical updated: low_sulphur_gasoil_historical.csv | contracts_ok=13 | rows=6795
2026-04-17 10:36:43,437 [INFO] Run finished: mode=historical
2026-04-17 20:10:19,612 [INFO] Run started: mode=historical
2026-04-17 20:10:21,531 [INFO] Historical updated: brent_crude_historical.csv | contracts_ok=11 | rows=5753
2026-04-17 20:10:23,164 [INFO] Historical updated: low_sulphur_gasoil_historical.csv | contracts_ok=13 | rows=6795
2026-04-17 20:10:23,166 [INFO] Run finished: mode=historical
2026-04-18 08:09:39,818 [INFO] Run started: mode=historical
2026-04-18 08:09:41,175 [INFO] Historical updated: brent_crude_historical.csv | contracts_ok=11 | rows=5764
2026-04-18 08:09:42,709 [INFO] Historical updated: low_sulphur_gasoil_historical.csv | contracts_ok=13 | rows=6807
2026-04-18 08:09:42,711 [INFO] Run finished: mode=historical
2026-04-18 19:56:01,383 [INFO] Run started: mode=historical
2026-04-18 19:56:02,764 [INFO] Historical updated: brent_crude_historical.csv | contracts_ok=11 | rows=5764
2026-04-18 19:56:03,933 [INFO] Historical updated: low_sulphur_gasoil_historical.csv | contracts_ok=13 | rows=6807
2026-04-18 19:56:03,935 [INFO] Run finished: mode=historical
2026-04-19 09:09:12,549 [INFO] Run started: mode=historical
2026-04-19 09:09:13,621 [INFO] Historical updated: brent_crude_historical.csv | contracts_ok=11 | rows=5764
2026-04-19 09:09:14,861 [INFO] Historical updated: low_sulphur_gasoil_historical.csv | contracts_ok=13 | rows=6807
2026-04-19 09:09:14,863 [INFO] Run finished: mode=historical
2026-04-19 15:20:34,604 [INFO] Run started: mode=build_continuous
2026-04-19 15:20:54,098 [INFO] Run started: mode=build_continuous
2026-04-19 15:21:12,261 [INFO] Run started: mode=build_continuous
2026-04-19 15:21:12,546 [INFO] Run finished: mode=build_continuous
2026-04-19 15:26:43,546 [INFO] Run started: mode=build_continuous
2026-04-19 15:26:43,923 [INFO] Run finished: mode=build_continuous
2026-04-19 18:44:41,654 [INFO] Run started: mode=build_continuous
2026-04-19 18:44:42,230 [INFO] Run finished: mode=build_continuous
2026-04-19 18:45:12,151 [INFO] Run started: mode=build_continuous
2026-04-19 18:45:12,627 [INFO] Run finished: mode=build_continuous
2026-04-19 16:05:25,781 [INFO] Run started: mode=historical
2026-04-19 16:05:27,429 [INFO] Historical updated: brent_crude_historical.csv | contracts_ok=11 | rows=5764
2026-04-19 16:05:29,083 [INFO] Historical updated: low_sulphur_gasoil_historical.csv | contracts_ok=13 | rows=6807
2026-04-19 16:05:29,436 [INFO] Run finished: mode=historical
2026-04-19 16:05:29,909 [INFO] Run started: mode=build_continuous
2026-04-19 16:05:30,262 [INFO] Run finished: mode=build_continuous
